#
# There is insufficient memory for the Java Runtime Environment to continue.
# Native memory allocation (mmap) failed to map 100663296 bytes. Error detail: G1 virtual space
# Possible reasons:
#   The system is out of physical RAM or swap space
#   This process is running with CompressedOops enabled, and the Java Heap may be blocking the growth of the native heap
# Possible solutions:
#   Reduce memory load on the system
#   Increase physical memory or swap space
#   Check if swap backing store is full
#   Decrease Java heap size (-Xmx/-Xms)
#   Decrease number of Java threads
#   Decrease Java thread stack sizes (-Xss)
#   Set larger code cache with -XX:ReservedCodeCacheSize=
#   JVM is running with Unscaled Compressed Oops mode in which the Java heap is
#     placed in the first 4GB address space. The Java Heap base address is the
#     maximum limit for the native heap growth. Please use -XX:HeapBaseMinAddress
#     to set the Java Heap base and to place the Java Heap above 4GB virtual address.
# This output file may be truncated or incomplete.
#
#  Out of Memory Error (os_windows.cpp:3898), pid=22212, tid=9936
#
# JRE version:  (21.0.7) (build )
# Java VM: OpenJDK 64-Bit Server VM (21.0.7+-13880790-b1038.58, mixed mode, sharing, tiered, compressed oops, compressed class ptrs, g1 gc, windows-amd64)
# No core dump will be written. Minidumps are not enabled by default on client versions of Windows
#

---------------  S U M M A R Y ------------

Command Line: org.jetbrains.kotlin.cli.jvm.K2JVMCompiler @C:\quintoSemestre\Unicafe\app\build\20251201_13297724595333754026.compiler.options

Host: AMD Ryzen 5 3450U with Radeon Vega Mobile Gfx  , 8 cores, 5G,  Windows 11 , 64 bit Build 26100 (10.0.26100.4202)
Time: Mon Dec  1 07:34:26 2025 Hora estándar central (México) elapsed time: 0.032328 seconds (0d 0h 0m 0s)

---------------  T H R E A D  ---------------

Current thread (0x000002668aab9940):  JavaThread "Unknown thread" [_thread_in_vm, id=9936, stack(0x000000ed2b700000,0x000000ed2b800000) (1024K)]

Stack: [0x000000ed2b700000,0x000000ed2b800000]
Native frames: (J=compiled Java code, j=interpreted, Vv=VM code, C=native code)
V  [jvm.dll+0x6d25c9]
V  [jvm.dll+0x860923]
V  [jvm.dll+0x862e7e]
V  [jvm.dll+0x863563]
V  [jvm.dll+0x27f156]
V  [jvm.dll+0x6ceee5]
V  [jvm.dll+0x6c29aa]
V  [jvm.dll+0x355ebb]
V  [jvm.dll+0x35db16]
V  [jvm.dll+0x3afb16]
V  [jvm.dll+0x3afde8]
V  [jvm.dll+0x32855c]
V  [jvm.dll+0x32924b]
V  [jvm.dll+0x828379]
V  [jvm.dll+0x3bcce8]
V  [jvm.dll+0x811628]
V  [jvm.dll+0x45121e]
V  [jvm.dll+0x452981]
C  [jli.dll+0x52ab]
C  [ucrtbase.dll+0x37b0]
C  [KERNEL32.DLL+0x2e8d7]
C  [ntdll.dll+0x3c34c]


---------------  P R O C E S S  ---------------

Threads class SMR info:
_java_thread_list=0x00007ffda8ee4888, length=0, elements={
}

Java Threads: ( => current thread )
Total: 0

Other Threads:
  0x000002668aafcac0 WorkerThread "GC Thread#0"                     [id=5548, stack(0x000000ed2b800000,0x000000ed2b900000) (1024K)]
  0x000002668ab27640 ConcurrentGCThread "G1 Main Marker"            [id=11944, stack(0x000000ed2b900000,0x000000ed2ba00000) (1024K)]
  0x000002668ab290f0 WorkerThread "G1 Conc#0"                       [id=20900, stack(0x000000ed2ba00000,0x000000ed2bb00000) (1024K)]

[error occurred during error reporting (printing all threads), id 0xc0000005, EXCEPTION_ACCESS_VIOLATION (0xc0000005) at pc=0x00007ffda86db5b7]
VM state: not at safepoint (not fully initialized)

VM Mutex/Monitor currently owned by a thread:  ([mutex/lock_event])
[0x00007ffda8f51568] Heap_lock - owner thread: 0x000002668aab9940

Heap address: 0x00000000a1c00000, size: 1508 MB, Compressed Oops mode: 32-bit

CDS archive(s) mapped at: [0x0000000000000000-0x0000000000000000-0x0000000000000000), size 0, SharedBaseAddress: 0x0000000800000000, ArchiveRelocationMode: 1.
Narrow klass base: 0x0000000000000000, Narrow klass shift: 0, Narrow klass range: 0x0

GC Precious Log:
 CardTable entry size: 512
 Card Set container configuration: InlinePtr #cards 5 size 8 Array Of Cards #cards 12 size 40 Howl #buckets 4 coarsen threshold 1843 Howl Bitmap #cards 512 size 80 coarsen threshold 460 Card regions per heap region 1 cards per card region 2048

Heap:
 garbage-first heap   total 0K, used 0K [0x00000000a1c00000, 0x0000000100000000)
  region size 1024K, 0 young (0K), 0 survivors (0K)
 Metaspace       used 0K, committed 0K, reserved 0K
  class space    used 0K, committed 0K, reserved 0K

Heap Regions: E=young(eden), S=young(survivor), O=old, HS=humongous(starts), HC=humongous(continues), CS=collection set, F=free, TAMS=top-at-mark-start, PB=parsable bottom

Card table byte_map: [0x000002669dac0000,0x000002669ddc0000] _byte_map_base: 0x000002669d5b2000

Marking Bits: (CMBitMap*) 0x000002668aafd1c0
 Bits: [0x000002669ddc0000, 0x000002669f550000)

GC Heap History (0 events):
No events

Dll operation events (1 events):
Event: 0.021 Loaded shared library C:\Program Files\Android\Android Studio\jbr\bin\java.dll

Deoptimization events (0 events):
No events

Classes loaded (0 events):
No events

Classes unloaded (0 events):
No events

Classes redefined (0 events):
No events

Internal exceptions (0 events):
No events

ZGC Phase Switch (0 events):
No events

VM Operations (0 events):
No events

Memory protections (0 events):
No events

Nmethod flushes (0 events):
No events

Events (0 events):
No events


Dynamic libraries:
0x00007ff66e980000 - 0x00007ff66e98a000 	C:\Program Files\Android\Android Studio\jbr\bin\java.exe
0x00007ffe19080000 - 0x00007ffe192e5000 	C:\WINDOWS\SYSTEM32\ntdll.dll
0x00007ffe17c50000 - 0x00007ffe17d19000 	C:\WINDOWS\System32\KERNEL32.DLL
0x00007ffe16820000 - 0x00007ffe16c08000 	C:\WINDOWS\System32\KERNELBASE.dll
0x00007ffe16cd0000 - 0x00007ffe16e1b000 	C:\WINDOWS\System32\ucrtbase.dll
0x00007ffe08560000 - 0x00007ffe08578000 	C:\Program Files\Android\Android Studio\jbr\bin\jli.dll
0x00007ffe07e60000 - 0x00007ffe07e7b000 	C:\Program Files\Android\Android Studio\jbr\bin\VCRUNTIME140.dll
0x00007ffe17f60000 - 0x00007ffe1812a000 	C:\WINDOWS\System32\USER32.dll
0x00007ffe03e80000 - 0x00007ffe0411a000 	C:\WINDOWS\WinSxS\amd64_microsoft.windows.common-controls_6595b64144ccf1df_6.0.26100.4202_none_3e0698d4e335f517\COMCTL32.dll
0x00007ffe163f0000 - 0x00007ffe16417000 	C:\WINDOWS\System32\win32u.dll
0x00007ffe18130000 - 0x00007ffe181d9000 	C:\WINDOWS\System32\msvcrt.dll
0x00007ffe17d20000 - 0x00007ffe17d4b000 	C:\WINDOWS\System32\GDI32.dll
0x00007ffe165a0000 - 0x00007ffe166d7000 	C:\WINDOWS\System32\gdi32full.dll
0x00007ffe166e0000 - 0x00007ffe16783000 	C:\WINDOWS\System32\msvcp_win.dll
0x00007ffe17a60000 - 0x00007ffe17a90000 	C:\WINDOWS\System32\IMM32.DLL
0x00007ffe07e50000 - 0x00007ffe07e5c000 	C:\Program Files\Android\Android Studio\jbr\bin\vcruntime140_1.dll
0x00007ffdd87c0000 - 0x00007ffdd884d000 	C:\Program Files\Android\Android Studio\jbr\bin\msvcp140.dll
0x00007ffda83a0000 - 0x00007ffda902e000 	C:\Program Files\Android\Android Studio\jbr\bin\server\jvm.dll
0x00007ffe185d0000 - 0x00007ffe18683000 	C:\WINDOWS\System32\ADVAPI32.dll
0x00007ffe17ba0000 - 0x00007ffe17c46000 	C:\WINDOWS\System32\sechost.dll
0x00007ffe17d50000 - 0x00007ffe17e65000 	C:\WINDOWS\System32\RPCRT4.dll
0x00007ffe18360000 - 0x00007ffe183d4000 	C:\WINDOWS\System32\WS2_32.dll
0x00007ffe16020000 - 0x00007ffe1607e000 	C:\WINDOWS\SYSTEM32\POWRPROF.dll
0x00007ffe0f850000 - 0x00007ffe0f85b000 	C:\WINDOWS\SYSTEM32\VERSION.dll
0x00007ffe0f810000 - 0x00007ffe0f845000 	C:\WINDOWS\SYSTEM32\WINMM.dll
0x00007ffe16000000 - 0x00007ffe16014000 	C:\WINDOWS\SYSTEM32\UMPDC.dll
0x00007ffe14f90000 - 0x00007ffe14fab000 	C:\WINDOWS\SYSTEM32\kernel.appcore.dll
0x00007ffe079a0000 - 0x00007ffe079aa000 	C:\Program Files\Android\Android Studio\jbr\bin\jimage.dll
0x00007ffe09c70000 - 0x00007ffe09eb1000 	C:\WINDOWS\SYSTEM32\DBGHELP.DLL
0x00007ffe18690000 - 0x00007ffe18a15000 	C:\WINDOWS\System32\combase.dll
0x00007ffe17e70000 - 0x00007ffe17f51000 	C:\WINDOWS\System32\OLEAUT32.dll
0x00007ffdff720000 - 0x00007ffdff759000 	C:\WINDOWS\SYSTEM32\dbgcore.DLL
0x00007ffe16350000 - 0x00007ffe163e9000 	C:\WINDOWS\System32\bcryptPrimitives.dll
0x00007ffdf2900000 - 0x00007ffdf2920000 	C:\Program Files\Android\Android Studio\jbr\bin\java.dll

dbghelp: loaded successfully - version: 4.0.5 - missing functions: none
symbol engine: initialized successfully - sym options: 0x614 - pdb path: .;C:\Program Files\Android\Android Studio\jbr\bin;C:\WINDOWS\SYSTEM32;C:\WINDOWS\WinSxS\amd64_microsoft.windows.common-controls_6595b64144ccf1df_6.0.26100.4202_none_3e0698d4e335f517;C:\Program Files\Android\Android Studio\jbr\bin\server

VM Arguments:
java_command: org.jetbrains.kotlin.cli.jvm.K2JVMCompiler @C:\quintoSemestre\Unicafe\app\build\20251201_13297724595333754026.compiler.options
java_class_path (initial): C:\Users\angel\.gradle\caches\modules-2\files-2.1\org.jetbrains.kotlin\kotlin-compiler-embeddable\2.0.21\79346ed53db48b18312a472602eb5c057070c54d\kotlin-compiler-embeddable-2.0.21.jar;C:\Users\angel\.gradle\caches\modules-2\files-2.1\org.jetbrains.kotlin\kotlin-stdlib\2.0.21\618b539767b4899b4660a83006e052b63f1db551\kotlin-stdlib-2.0.21.jar;C:\Users\angel\.gradle\caches\modules-2\files-2.1\org.jetbrains.kotlin\kotlin-script-runtime\2.0.21\c9b044380ad41f89aa89aa896c2d32a8c0b2129d\kotlin-script-runtime-2.0.21.jar;C:\Users\angel\.gradle\caches\modules-2\files-2.1\org.jetbrains.kotlin\kotlin-reflect\1.6.10\1cbe9c92c12a94eea200d23c2bbaedaf3daf5132\kotlin-reflect-1.6.10.jar;C:\Users\angel\.gradle\caches\modules-2\files-2.1\org.jetbrains.kotlin\kotlin-daemon-embeddable\2.0.21\c9e933b23287de9b5a17e2116b4657bb91aea72c\kotlin-daemon-embeddable-2.0.21.jar;C:\Users\angel\.gradle\caches\modules-2\files-2.1\org.jetbrains.intellij.deps\trove4j\1.0.20200330\3afb14d5f9ceb459d724e907a21145e8ff394f02\trove4j-1.0.20200330.jar;C:\Users\angel\.gradle\caches\modules-2\files-2.1\org.jetbrains.kotlinx\kotlinx-coroutines-core-jvm\1.6.4\2c997cd1c0ef33f3e751d3831929aeff1390cb30\kotlinx-coroutines-core-jvm-1.6.4.jar;C:\Users\angel\.gradle\caches\modules-2\files-2.1\org.jetbrains\annotations\13.0\919f0dfe192fb4e063e7dacadee7f8bb9a2672a9\annotations-13.0.jar
Launcher Type: SUN_STANDARD

[Global flags]
     intx CICompilerCount                          = 4                                         {product} {ergonomic}
     uint ConcGCThreads                            = 2                                         {product} {ergonomic}
     uint G1ConcRefinementThreads                  = 8                                         {product} {ergonomic}
   size_t G1HeapRegionSize                         = 1048576                                   {product} {ergonomic}
    uintx GCDrainStackTargetSize                   = 64                                        {product} {ergonomic}
   size_t InitialHeapSize                          = 100663296                                 {product} {ergonomic}
   size_t MarkStackSize                            = 4194304                                   {product} {ergonomic}
   size_t MaxHeapSize                              = 1581252608                                {product} {ergonomic}
   size_t MinHeapDeltaBytes                        = 1048576                                   {product} {ergonomic}
   size_t MinHeapSize                              = 8388608                                   {product} {ergonomic}
    uintx NonNMethodCodeHeapSize                   = 5839372                                {pd product} {ergonomic}
    uintx NonProfiledCodeHeapSize                  = 122909434                              {pd product} {ergonomic}
    uintx ProfiledCodeHeapSize                     = 122909434                              {pd product} {ergonomic}
    uintx ReservedCodeCacheSize                    = 251658240                              {pd product} {ergonomic}
     bool SegmentedCodeCache                       = true                                      {product} {ergonomic}
   size_t SoftMaxHeapSize                          = 1581252608                             {manageable} {ergonomic}
     bool UseCompressedOops                        = true                           {product lp64_product} {ergonomic}
     bool UseG1GC                                  = true                                      {product} {ergonomic}
     bool UseLargePagesIndividualAllocation        = false                                  {pd product} {ergonomic}

Logging:
Log output configuration:
 #0: stdout all=warning uptime,level,tags foldmultilines=false
 #1: stderr all=off uptime,level,tags foldmultilines=false

Environment Variables:
PATH=C:\Program Files\Common Files\Oracle\Java\javapath;C:\WINDOWS\system32;C:\WINDOWS;C:\WINDOWS\System32\Wbem;C:\WINDOWS\System32\WindowsPowerShell\v1.0\;C:\WINDOWS\System32\OpenSSH\;C:\Program Files\dotnet\;C:\Program Files\PuTTY\;C:\Program Files\Git\cmd;C:\Program Files\MATLAB\R2025a\bin;C:\Program Files\Microsoft SQL Server\150\Tools\Binn\;C:\Program Files\Microsoft SQL Server\Client SDK\ODBC\170\Tools\Binn\;C:\Users\angel\AppData\Local\Microsoft\WindowsApps;C:\Users\angel\.dotnet\tools;C:\Users\angel\AppData\Local\Programs\Microsoft VS Code\bin
USERNAME=angel
OS=Windows_NT
PROCESSOR_IDENTIFIER=AMD64 Family 23 Model 24 Stepping 1, AuthenticAMD
TMP=C:\Users\angel\AppData\Local\Temp
TEMP=C:\Users\angel\AppData\Local\Temp




Periodic native trim disabled

JNI global refs:
JNI global refs: 0, weak refs: 0

JNI global refs memory usage: 0, weak refs: 0

Process memory usage:
Resident Set Size: 12464K (0% of 6174988K total physical memory with 647924K free physical memory)

OOME stack traces (most recent first):
Classloader memory used:

---------------  S Y S T E M  ---------------

OS:
 Windows 11 , 64 bit Build 26100 (10.0.26100.4202)
OS uptime: 1 days 20:26 hours

CPU: total 8 (initial active 8) (8 cores per cpu, 2 threads per core) family 23 model 24 stepping 1 microcode 0x810810d, cx8, cmov, fxsr, ht, mmx, 3dnowpref, sse, sse2, sse3, ssse3, sse4a, sse4.1, sse4.2, popcnt, lzcnt, tsc, tscinvbit, avx, avx2, aes, clmul, bmi1, bmi2, adx, sha, fma, vzeroupper, clflush, clflushopt, rdtscp, f16c
Processor Information for the first 8 processors :
  Max Mhz: 2100, Current Mhz: 2100, Mhz Limit: 2100

Memory: 4k page, system-wide physical 6030M (632M free)
TotalPageFile size 16099M (AvailPageFile size 74M)
current process WorkingSet (physical memory assigned to process): 12M, peak: 12M
current process commit charge ("private bytes"): 60M, peak: 156M

vm_info: OpenJDK 64-Bit Server VM (21.0.7+-13880790-b1038.58) for windows-amd64 JRE (21.0.7+-13880790-b1038.58), built on 2025-08-04T20:56:21Z by "builder" with MS VC++ 16.10 / 16.11 (VS2019)

END.
